  [1m[35m (84.9ms)[0m  [1m[35mCREATE DATABASE "y_development" ENCODING = 'unicode'[0m
  [1m[35m (81.3ms)[0m  [1m[35mCREATE DATABASE "y_test" ENCODING = 'unicode'[0m
Started GET "/" for 127.0.0.1 at 2024-03-29 16:21:38 -0300
  [1m[35m (20.1ms)[0m  [1m[35mCREATE TABLE "schema_migrations" ("version" character varying NOT NULL PRIMARY KEY)[0m
  [1m[35m (23.6ms)[0m  [1m[35mCREATE TABLE "ar_internal_metadata" ("key" character varying NOT NULL PRIMARY KEY, "value" character varying, "created_at" timestamp(6) NOT NULL, "updated_at" timestamp(6) NOT NULL)[0m
  [1m[36mActiveRecord::SchemaMigration Load (0.6ms)[0m  [1m[34mSELECT "schema_migrations"."version" FROM "schema_migrations" ORDER BY "schema_migrations"."version" ASC[0m
Processing by Rails::WelcomeController#index as HTML
  Rendering /home/daniel/.rbenv/versions/3.2.0/lib/ruby/gems/3.2.0/gems/railties-7.1.3.2/lib/rails/templates/rails/welcome/index.html.erb
  Rendered /home/daniel/.rbenv/versions/3.2.0/lib/ruby/gems/3.2.0/gems/railties-7.1.3.2/lib/rails/templates/rails/welcome/index.html.erb (Duration: 1.5ms | Allocations: 375)
Completed 200 OK in 27ms (Views: 9.7ms | ActiveRecord: 0.0ms | Allocations: 7862)


Started GET "/" for 127.0.0.1 at 2024-03-29 16:28:30 -0300
Processing by Rails::WelcomeController#index as HTML
  Rendering /home/daniel/.rbenv/versions/3.2.0/lib/ruby/gems/3.2.0/gems/railties-7.1.3.2/lib/rails/templates/rails/welcome/index.html.erb
  Rendered /home/daniel/.rbenv/versions/3.2.0/lib/ruby/gems/3.2.0/gems/railties-7.1.3.2/lib/rails/templates/rails/welcome/index.html.erb (Duration: 0.1ms | Allocations: 13)
Completed 200 OK in 1ms (Views: 0.5ms | ActiveRecord: 0.0ms | Allocations: 196)


Started GET "/home" for 127.0.0.1 at 2024-03-29 17:25:25 -0300
  
NameError (undefined local variable or method `to' for #<ActionDispatch::Routing::Mapper:0x00007925c1063618 @set=#<ActionDispatch::Routing::RouteSet:0x00007925c29a14b8>, @draw_paths=[#<Pathname:/home/daniel/.rbenv/versions/3.2.0/lib/ruby/gems/3.2.0/gems/actionview-7.1.3.2/config/routes>, #<Pathname:/home/daniel/.rbenv/versions/3.2.0/lib/ruby/gems/3.2.0/gems/activestorage-7.1.3.2/config/routes>, #<Pathname:/home/daniel/.rbenv/versions/3.2.0/lib/ruby/gems/3.2.0/gems/actioncable-7.1.3.2/config/routes>, #<Pathname:/home/daniel/.rbenv/versions/3.2.0/lib/ruby/gems/3.2.0/gems/actionmailbox-7.1.3.2/config/routes>, #<Pathname:/home/daniel/.rbenv/versions/3.2.0/lib/ruby/gems/3.2.0/gems/actiontext-7.1.3.2/config/routes>, #<Pathname:/home/daniel/.rbenv/versions/3.2.0/lib/ruby/gems/3.2.0/gems/jsbundling-rails-1.3.0/config/routes>, #<Pathname:/home/daniel/.rbenv/versions/3.2.0/lib/ruby/gems/3.2.0/gems/turbo-rails-2.0.5/config/routes>, #<Pathname:/home/daniel/.rbenv/versions/3.2.0/lib/ruby/gems/3.2.0/gems/stimulus-rails-1.3.3/config/routes>, #<Pathname:/home/daniel/.rbenv/versions/3.2.0/lib/ruby/gems/3.2.0/gems/cssbundling-rails-1.4.0/config/routes>, #<Pathname:/home/daniel/web/Y/config/routes>, #<Pathname:/home/daniel/web/Y/config/routes>], @scope=#<ActionDispatch::Routing::Mapper::Scope:0x00007925c00c43b0 @hash={:path_names=>{:new=>"new", :edit=>"edit"}}, @parent=#<ActionDispatch::Routing::Mapper::Scope:0x00007925c1387e20 @hash=nil, @parent=nil, @scope_level=nil>, @scope_level=nil>, @concerns={}>):
  
config/routes.rb:10:in `block in <main>'
config/routes.rb:1:in `<main>'
Started GET "/home" for 127.0.0.1 at 2024-03-29 17:26:35 -0300
  [1m[36mActiveRecord::SchemaMigration Load (0.7ms)[0m  [1m[34mSELECT "schema_migrations"."version" FROM "schema_migrations" ORDER BY "schema_migrations"."version" ASC[0m
  
SyntaxError (/home/daniel/web/Y/app/controllers/static_pages_controller.rb:1: class/module name must be CONSTANT
class staticPagesController < ApplicationController
      ^~~~~~~~~~~~~~~~~~~~~
):
  
app/controllers/static_pages_controller.rb:1: class/module name must be CONSTANT
Started GET "/home" for 127.0.0.1 at 2024-03-29 17:28:15 -0300
Processing by StaticPagesController#home as HTML
Completed 406 Not Acceptable in 4ms (ActiveRecord: 0.0ms | Allocations: 1613)


  
ActionController::MissingExactTemplate (StaticPagesController#home is missing a template for request formats: text/html):
  
actionpack (7.1.3.2) lib/action_controller/metal/implicit_render.rb:47:in `default_render'
actionpack (7.1.3.2) lib/action_controller/metal/basic_implicit_render.rb:7:in `send_action'
actionpack (7.1.3.2) lib/abstract_controller/base.rb:224:in `process_action'
actionpack (7.1.3.2) lib/action_controller/metal/rendering.rb:165:in `process_action'
actionpack (7.1.3.2) lib/abstract_controller/callbacks.rb:259:in `block in process_action'
activesupport (7.1.3.2) lib/active_support/callbacks.rb:121:in `block in run_callbacks'
turbo-rails (2.0.5) lib/turbo-rails.rb:24:in `with_request_id'
turbo-rails (2.0.5) app/controllers/concerns/turbo/request_id_tracking.rb:10:in `turbo_tracking_request_id'
activesupport (7.1.3.2) lib/active_support/callbacks.rb:130:in `block in run_callbacks'
actiontext (7.1.3.2) lib/action_text/rendering.rb:23:in `with_renderer'
actiontext (7.1.3.2) lib/action_text/engine.rb:69:in `block (4 levels) in <class:Engine>'
activesupport (7.1.3.2) lib/active_support/callbacks.rb:130:in `instance_exec'
activesupport (7.1.3.2) lib/active_support/callbacks.rb:130:in `block in run_callbacks'
activesupport (7.1.3.2) lib/active_support/callbacks.rb:141:in `run_callbacks'
actionpack (7.1.3.2) lib/abstract_controller/callbacks.rb:258:in `process_action'
actionpack (7.1.3.2) lib/action_controller/metal/rescue.rb:25:in `process_action'
actionpack (7.1.3.2) lib/action_controller/metal/instrumentation.rb:74:in `block in process_action'
activesupport (7.1.3.2) lib/active_support/notifications.rb:206:in `block in instrument'
activesupport (7.1.3.2) lib/active_support/notifications/instrumenter.rb:58:in `instrument'
activesupport (7.1.3.2) lib/active_support/notifications.rb:206:in `instrument'
actionpack (7.1.3.2) lib/action_controller/metal/instrumentation.rb:73:in `process_action'
actionpack (7.1.3.2) lib/action_controller/metal/params_wrapper.rb:261:in `process_action'
activerecord (7.1.3.2) lib/active_record/railties/controller_runtime.rb:32:in `process_action'
actionpack (7.1.3.2) lib/abstract_controller/base.rb:160:in `process'
actionview (7.1.3.2) lib/action_view/rendering.rb:40:in `process'
actionpack (7.1.3.2) lib/action_controller/metal.rb:227:in `dispatch'
actionpack (7.1.3.2) lib/action_controller/metal.rb:309:in `dispatch'
actionpack (7.1.3.2) lib/action_dispatch/routing/route_set.rb:49:in `dispatch'
actionpack (7.1.3.2) lib/action_dispatch/routing/route_set.rb:32:in `serve'
actionpack (7.1.3.2) lib/action_dispatch/journey/router.rb:51:in `block in serve'
actionpack (7.1.3.2) lib/action_dispatch/journey/router.rb:131:in `block in find_routes'
actionpack (7.1.3.2) lib/action_dispatch/journey/router.rb:124:in `each'
actionpack (7.1.3.2) lib/action_dispatch/journey/router.rb:124:in `find_routes'
actionpack (7.1.3.2) lib/action_dispatch/journey/router.rb:32:in `serve'
actionpack (7.1.3.2) lib/action_dispatch/routing/route_set.rb:882:in `call'
rack (3.0.10) lib/rack/tempfile_reaper.rb:20:in `call'
rack (3.0.10) lib/rack/etag.rb:29:in `call'
rack (3.0.10) lib/rack/conditional_get.rb:31:in `call'
rack (3.0.10) lib/rack/head.rb:15:in `call'
actionpack (7.1.3.2) lib/action_dispatch/http/permissions_policy.rb:36:in `call'
actionpack (7.1.3.2) lib/action_dispatch/http/content_security_policy.rb:33:in `call'
rack-session (2.0.0) lib/rack/session/abstract/id.rb:272:in `context'
rack-session (2.0.0) lib/rack/session/abstract/id.rb:266:in `call'
actionpack (7.1.3.2) lib/action_dispatch/middleware/cookies.rb:689:in `call'
activerecord (7.1.3.2) lib/active_record/migration.rb:655:in `call'
actionpack (7.1.3.2) lib/action_dispatch/middleware/callbacks.rb:29:in `block in call'
activesupport (7.1.3.2) lib/active_support/callbacks.rb:101:in `run_callbacks'
actionpack (7.1.3.2) lib/action_dispatch/middleware/callbacks.rb:28:in `call'
actionpack (7.1.3.2) lib/action_dispatch/middleware/executor.rb:14:in `call'
actionpack (7.1.3.2) lib/action_dispatch/middleware/actionable_exceptions.rb:16:in `call'
actionpack (7.1.3.2) lib/action_dispatch/middleware/debug_exceptions.rb:29:in `call'
web-console (4.2.1) lib/web_console/middleware.rb:132:in `call_app'
web-console (4.2.1) lib/web_console/middleware.rb:28:in `block in call'
web-console (4.2.1) lib/web_console/middleware.rb:17:in `catch'
web-console (4.2.1) lib/web_console/middleware.rb:17:in `call'
actionpack (7.1.3.2) lib/action_dispatch/middleware/show_exceptions.rb:31:in `call'
railties (7.1.3.2) lib/rails/rack/logger.rb:37:in `call_app'
railties (7.1.3.2) lib/rails/rack/logger.rb:24:in `block in call'
activesupport (7.1.3.2) lib/active_support/tagged_logging.rb:135:in `block in tagged'
activesupport (7.1.3.2) lib/active_support/tagged_logging.rb:39:in `tagged'
activesupport (7.1.3.2) lib/active_support/tagged_logging.rb:135:in `tagged'
activesupport (7.1.3.2) lib/active_support/broadcast_logger.rb:240:in `method_missing'
railties (7.1.3.2) lib/rails/rack/logger.rb:24:in `call'
sprockets-rails (3.4.2) lib/sprockets/rails/quiet_assets.rb:13:in `call'
actionpack (7.1.3.2) lib/action_dispatch/middleware/remote_ip.rb:92:in `call'
actionpack (7.1.3.2) lib/action_dispatch/middleware/request_id.rb:28:in `call'
rack (3.0.10) lib/rack/method_override.rb:28:in `call'
rack (3.0.10) lib/rack/runtime.rb:24:in `call'
activesupport (7.1.3.2) lib/active_support/cache/strategy/local_cache_middleware.rb:29:in `call'
actionpack (7.1.3.2) lib/action_dispatch/middleware/server_timing.rb:59:in `block in call'
actionpack (7.1.3.2) lib/action_dispatch/middleware/server_timing.rb:24:in `collect_events'
actionpack (7.1.3.2) lib/action_dispatch/middleware/server_timing.rb:58:in `call'
actionpack (7.1.3.2) lib/action_dispatch/middleware/executor.rb:14:in `call'
actionpack (7.1.3.2) lib/action_dispatch/middleware/static.rb:25:in `call'
rack (3.0.10) lib/rack/sendfile.rb:114:in `call'
actionpack (7.1.3.2) lib/action_dispatch/middleware/host_authorization.rb:141:in `call'
railties (7.1.3.2) lib/rails/engine.rb:536:in `call'
puma (6.4.2) lib/puma/configuration.rb:272:in `call'
puma (6.4.2) lib/puma/request.rb:100:in `block in handle_request'
puma (6.4.2) lib/puma/thread_pool.rb:378:in `with_force_shutdown'
puma (6.4.2) lib/puma/request.rb:99:in `handle_request'
puma (6.4.2) lib/puma/server.rb:464:in `process_client'
puma (6.4.2) lib/puma/server.rb:245:in `block in run'
puma (6.4.2) lib/puma/thread_pool.rb:155:in `block in spawn_thread'
Started GET "/home" for 127.0.0.1 at 2024-03-29 17:31:23 -0300
Processing by StaticPagesController#home as HTML
  Rendering layout layouts/application.html.erb
  Rendering static_pages/home.html.erb within layouts/application
  Rendered static_pages/home.html.erb within layouts/application (Duration: 0.4ms | Allocations: 93)
  Rendered layout layouts/application.html.erb (Duration: 631.7ms | Allocations: 102380)
Completed 200 OK in 635ms (Views: 633.6ms | ActiveRecord: 0.0ms | Allocations: 103414)


Started GET "/home" for 127.0.0.1 at 2024-03-29 17:32:02 -0300
Processing by StaticPagesController#home as HTML
  Rendering layout layouts/application.html.erb
  Rendering static_pages/home.html.erb within layouts/application
  Rendered static_pages/home.html.erb within layouts/application (Duration: 0.5ms | Allocations: 96)
  Rendered layout layouts/application.html.erb (Duration: 25.6ms | Allocations: 5355)
Completed 200 OK in 28ms (Views: 27.4ms | ActiveRecord: 0.0ms | Allocations: 6248)


Started GET "/about" for 127.0.0.1 at 2024-03-29 17:33:34 -0300
Processing by StaticPagesController#about as HTML
  Rendering layout layouts/application.html.erb
  Rendering static_pages/about.html.erb within layouts/application
  Rendered static_pages/about.html.erb within layouts/application (Duration: 0.4ms | Allocations: 93)
  Rendered layout layouts/application.html.erb (Duration: 5.4ms | Allocations: 2786)
Completed 200 OK in 8ms (Views: 7.2ms | ActiveRecord: 0.0ms | Allocations: 3675)


Started GET "/contact" for 127.0.0.1 at 2024-03-29 17:33:44 -0300
Processing by StaticPagesController#contact as HTML
  Rendering layout layouts/application.html.erb
  Rendering static_pages/contact.html.erb within layouts/application
  Rendered static_pages/contact.html.erb within layouts/application (Duration: 0.7ms | Allocations: 89)
  Rendered layout layouts/application.html.erb (Duration: 6.8ms | Allocations: 2496)
Completed 200 OK in 8ms (Views: 7.7ms | ActiveRecord: 0.0ms | Allocations: 2792)


Started GET "/" for 127.0.0.1 at 2024-03-29 17:40:12 -0300
Processing by StaticPagesController#home as HTML
  Rendering layout layouts/application.html.erb
  Rendering static_pages/home.html.erb within layouts/application
  Rendered static_pages/home.html.erb within layouts/application (Duration: 0.4ms | Allocations: 93)
  Rendered layout layouts/application.html.erb (Duration: 5.2ms | Allocations: 2817)
Completed 200 OK in 8ms (Views: 6.8ms | ActiveRecord: 0.0ms | Allocations: 3710)


Started GET "/" for 127.0.0.1 at 2024-03-29 17:40:25 -0300
Processing by StaticPagesController#home as HTML
  Rendering layout layouts/application.html.erb
  Rendering static_pages/home.html.erb within layouts/application
  Rendered static_pages/home.html.erb within layouts/application (Duration: 0.1ms | Allocations: 7)
  Rendered layout layouts/application.html.erb (Duration: 6.0ms | Allocations: 2425)
Completed 200 OK in 7ms (Views: 6.7ms | ActiveRecord: 0.0ms | Allocations: 2658)


Started GET "/contact" for 127.0.0.1 at 2024-03-29 17:40:31 -0300
Processing by StaticPagesController#contact as HTML
  Rendering layout layouts/application.html.erb
  Rendering static_pages/contact.html.erb within layouts/application
  Rendered static_pages/contact.html.erb within layouts/application (Duration: 0.6ms | Allocations: 87)
  Rendered layout layouts/application.html.erb (Duration: 5.8ms | Allocations: 2503)
Completed 200 OK in 7ms (Views: 6.7ms | ActiveRecord: 0.0ms | Allocations: 2793)


Started GET "/" for 127.0.0.1 at 2024-03-29 17:43:22 -0300
Processing by StaticPagesController#home as HTML
  Rendering layout layouts/application.html.erb
  Rendering static_pages/home.html.erb within layouts/application
  Rendered static_pages/home.html.erb within layouts/application (Duration: 0.4ms | Allocations: 97)
  Rendered layout layouts/application.html.erb (Duration: 6.3ms | Allocations: 2781)
Completed 200 OK in 9ms (Views: 8.1ms | ActiveRecord: 0.0ms | Allocations: 3672)


Started GET "/" for 127.0.0.1 at 2024-03-29 17:49:30 -0300
Processing by StaticPagesController#home as HTML
  Rendering layout layouts/application.html.erb
  Rendering static_pages/home.html.erb within layouts/application
  Rendered static_pages/home.html.erb within layouts/application (Duration: 0.4ms | Allocations: 99)
  Rendered layout layouts/application.html.erb (Duration: 5.8ms | Allocations: 2796)
Completed 200 OK in 9ms (Views: 7.6ms | ActiveRecord: 0.0ms | Allocations: 3684)


Started GET "/contact" for 127.0.0.1 at 2024-03-29 17:49:40 -0300
Processing by StaticPagesController#contact as HTML
  Rendering layout layouts/application.html.erb
  Rendering static_pages/contact.html.erb within layouts/application
  Rendered static_pages/contact.html.erb within layouts/application (Duration: 0.4ms | Allocations: 96)
  Rendered layout layouts/application.html.erb (Duration: 6.0ms | Allocations: 2512)
Completed 200 OK in 7ms (Views: 6.7ms | ActiveRecord: 0.0ms | Allocations: 2802)


Started GET "/contact" for 127.0.0.1 at 2024-03-29 17:55:00 -0300
Processing by StaticPagesController#contact as HTML
  Rendering layout layouts/application.html.erb
  Rendering static_pages/contact.html.erb within layouts/application
  Rendered static_pages/contact.html.erb within layouts/application (Duration: 0.4ms | Allocations: 101)
  Rendered layout layouts/application.html.erb (Duration: 6.1ms | Allocations: 2821)
Completed 200 OK in 9ms (Views: 7.8ms | ActiveRecord: 0.0ms | Allocations: 3714)


Started GET "/" for 127.0.0.1 at 2024-03-29 17:55:07 -0300
Processing by StaticPagesController#home as HTML
  Rendering layout layouts/application.html.erb
  Rendering static_pages/home.html.erb within layouts/application
  Rendered static_pages/home.html.erb within layouts/application (Duration: 0.6ms | Allocations: 94)
  Rendered layout layouts/application.html.erb (Duration: 5.7ms | Allocations: 2514)
Completed 200 OK in 8ms (Views: 7.2ms | ActiveRecord: 0.0ms | Allocations: 2806)


Started GET "/contact" for 127.0.0.1 at 2024-03-29 17:55:13 -0300
Processing by StaticPagesController#contact as HTML
  Rendering layout layouts/application.html.erb
  Rendering static_pages/contact.html.erb within layouts/application
  Rendered static_pages/contact.html.erb within layouts/application (Duration: 0.1ms | Allocations: 7)
  Rendered layout layouts/application.html.erb (Duration: 5.4ms | Allocations: 2418)
Completed 200 OK in 6ms (Views: 6.2ms | ActiveRecord: 0.0ms | Allocations: 2647)


Started GET "/contact" for 127.0.0.1 at 2024-03-29 17:57:38 -0300
Processing by StaticPagesController#contact as HTML
  Rendering layout layouts/application.html.erb
  Rendering static_pages/contact.html.erb within layouts/application
  Rendered static_pages/contact.html.erb within layouts/application (Duration: 0.4ms | Allocations: 99)
  Rendered layout layouts/application.html.erb (Duration: 7.3ms | Allocations: 2787)
Completed 200 OK in 10ms (Views: 9.0ms | ActiveRecord: 0.0ms | Allocations: 3677)


Started GET "/contact" for 127.0.0.1 at 2024-03-29 17:59:35 -0300
Processing by StaticPagesController#contact as HTML
  Rendering layout layouts/application.html.erb
  Rendering static_pages/contact.html.erb within layouts/application
  Rendered static_pages/contact.html.erb within layouts/application (Duration: 0.4ms | Allocations: 99)
  Rendered layout layouts/application.html.erb (Duration: 6.2ms | Allocations: 2786)
Completed 200 OK in 10ms (Views: 8.5ms | ActiveRecord: 0.0ms | Allocations: 3675)


Started GET "/contact" for 127.0.0.1 at 2024-03-29 18:00:46 -0300
Processing by StaticPagesController#contact as HTML
  Rendering layout layouts/application.html.erb
  Rendering static_pages/contact.html.erb within layouts/application
  Rendered static_pages/contact.html.erb within layouts/application (Duration: 0.5ms | Allocations: 101)
  Rendered layout layouts/application.html.erb (Duration: 5.9ms | Allocations: 2813)
Completed 200 OK in 9ms (Views: 7.8ms | ActiveRecord: 0.0ms | Allocations: 3706)


Started GET "/contact" for 127.0.0.1 at 2024-03-29 18:27:34 -0300
Processing by StaticPagesController#contact as HTML
  Rendering layout layouts/application.html.erb
  Rendering static_pages/contact.html.erb within layouts/application
  Rendered static_pages/contact.html.erb within layouts/application (Duration: 0.4ms | Allocations: 99)
  Rendered layout layouts/application.html.erb (Duration: 6.2ms | Allocations: 2844)
Completed 200 OK in 9ms (Views: 7.8ms | ActiveRecord: 0.0ms | Allocations: 3736)


Started GET "/" for 127.0.0.1 at 2024-03-29 18:27:43 -0300
Processing by StaticPagesController#home as HTML
  Rendering layout layouts/application.html.erb
  Rendering static_pages/home.html.erb within layouts/application
  Rendered static_pages/home.html.erb within layouts/application (Duration: 0.4ms | Allocations: 95)
  Rendered layout layouts/application.html.erb (Duration: 6.2ms | Allocations: 2506)
Completed 200 OK in 8ms (Views: 7.8ms | ActiveRecord: 0.0ms | Allocations: 2796)


Started GET "/" for 127.0.0.1 at 2024-03-29 18:28:14 -0300
Processing by StaticPagesController#home as HTML
  Rendering layout layouts/application.html.erb
  Rendering static_pages/home.html.erb within layouts/application
  Rendered static_pages/home.html.erb within layouts/application (Duration: 0.7ms | Allocations: 98)
  Rendered layout layouts/application.html.erb (Duration: 8.4ms | Allocations: 2829)
Completed 200 OK in 12ms (Views: 11.0ms | ActiveRecord: 0.0ms | Allocations: 3718)


Started GET "/" for 127.0.0.1 at 2024-03-29 18:28:51 -0300
Processing by StaticPagesController#home as HTML
  Rendering layout layouts/application.html.erb
  Rendering static_pages/home.html.erb within layouts/application
  Rendered static_pages/home.html.erb within layouts/application (Duration: 0.5ms | Allocations: 102)
  Rendered layout layouts/application.html.erb (Duration: 6.1ms | Allocations: 2853)
Completed 200 OK in 9ms (Views: 7.9ms | ActiveRecord: 0.0ms | Allocations: 3746)


Started GET "/" for 127.0.0.1 at 2024-03-29 18:28:55 -0300
Processing by StaticPagesController#home as HTML
  Rendering layout layouts/application.html.erb
  Rendering static_pages/home.html.erb within layouts/application
  Rendered static_pages/home.html.erb within layouts/application (Duration: 0.1ms | Allocations: 7)
  Rendered layout layouts/application.html.erb (Duration: 8.7ms | Allocations: 2439)
Completed 200 OK in 11ms (Views: 10.3ms | ActiveRecord: 0.0ms | Allocations: 2668)


Started GET "/" for 127.0.0.1 at 2024-03-29 18:29:17 -0300
Processing by StaticPagesController#home as HTML
  Rendering layout layouts/application.html.erb
  Rendering static_pages/home.html.erb within layouts/application
  Rendered static_pages/home.html.erb within layouts/application (Duration: 0.4ms | Allocations: 98)
  Rendered layout layouts/application.html.erb (Duration: 6.4ms | Allocations: 2816)
Completed 200 OK in 9ms (Views: 8.4ms | ActiveRecord: 0.0ms | Allocations: 3708)


Started GET "/" for 127.0.0.1 at 2024-03-29 18:29:47 -0300
Processing by StaticPagesController#home as HTML
  Rendering layout layouts/application.html.erb
  Rendering static_pages/home.html.erb within layouts/application
  Rendered static_pages/home.html.erb within layouts/application (Duration: 0.5ms | Allocations: 98)
  Rendered layout layouts/application.html.erb (Duration: 6.6ms | Allocations: 2807)
Completed 200 OK in 9ms (Views: 8.3ms | ActiveRecord: 0.0ms | Allocations: 3696)


Started GET "/" for 127.0.0.1 at 2024-03-29 18:31:02 -0300
Processing by StaticPagesController#home as HTML
  Rendering layout layouts/application.html.erb
  Rendering static_pages/home.html.erb within layouts/application
  Rendered static_pages/home.html.erb within layouts/application (Duration: 0.5ms | Allocations: 100)
  Rendered layout layouts/application.html.erb (Duration: 6.3ms | Allocations: 2831)
Completed 200 OK in 10ms (Views: 9.0ms | ActiveRecord: 0.0ms | Allocations: 3724)


Started GET "/" for 127.0.0.1 at 2024-03-29 18:31:20 -0300
Processing by StaticPagesController#home as HTML
  Rendering layout layouts/application.html.erb
  Rendering static_pages/home.html.erb within layouts/application
  Rendered static_pages/home.html.erb within layouts/application (Duration: 0.4ms | Allocations: 98)
  Rendered layout layouts/application.html.erb (Duration: 5.7ms | Allocations: 2846)
Completed 200 OK in 8ms (Views: 7.4ms | ActiveRecord: 0.0ms | Allocations: 3737)


Started GET "/" for 127.0.0.1 at 2024-03-29 18:33:32 -0300
Processing by StaticPagesController#home as HTML
  Rendering layout layouts/application.html.erb
  Rendering static_pages/home.html.erb within layouts/application
  Rendered static_pages/home.html.erb within layouts/application (Duration: 0.7ms | Allocations: 98)
  Rendered layout layouts/application.html.erb (Duration: 8.1ms | Allocations: 2825)
Completed 200 OK in 11ms (Views: 10.5ms | ActiveRecord: 0.0ms | Allocations: 3714)


Started GET "/" for 127.0.0.1 at 2024-03-29 18:34:38 -0300
Processing by StaticPagesController#home as HTML
  Rendering layout layouts/application.html.erb
  Rendering static_pages/home.html.erb within layouts/application
  Rendered static_pages/home.html.erb within layouts/application (Duration: 0.4ms | Allocations: 98)
  Rendered layout layouts/application.html.erb (Duration: 5.5ms | Allocations: 2815)
Completed 200 OK in 8ms (Views: 7.1ms | ActiveRecord: 0.0ms | Allocations: 3703)


Started GET "/" for 127.0.0.1 at 2024-03-29 18:35:24 -0300
Processing by StaticPagesController#home as HTML
  Rendering layout layouts/application.html.erb
  Rendering static_pages/home.html.erb within layouts/application
  Rendered static_pages/home.html.erb within layouts/application (Duration: 0.4ms | Allocations: 102)
  Rendered layout layouts/application.html.erb (Duration: 6.3ms | Allocations: 2872)
Completed 200 OK in 9ms (Views: 8.3ms | ActiveRecord: 0.0ms | Allocations: 3765)


Started GET "/" for 127.0.0.1 at 2024-03-29 18:35:45 -0300
Processing by StaticPagesController#home as HTML
  Rendering layout layouts/application.html.erb
  Rendering static_pages/home.html.erb within layouts/application
  Rendered static_pages/home.html.erb within layouts/application (Duration: 0.4ms | Allocations: 98)
  Rendered layout layouts/application.html.erb (Duration: 5.7ms | Allocations: 2798)
Completed 200 OK in 8ms (Views: 7.3ms | ActiveRecord: 0.0ms | Allocations: 3686)


Started GET "/" for 127.0.0.1 at 2024-03-29 18:38:24 -0300
Processing by StaticPagesController#home as HTML
  Rendering layout layouts/application.html.erb
  Rendering static_pages/home.html.erb within layouts/application
  Rendered static_pages/home.html.erb within layouts/application (Duration: 0.6ms | Allocations: 98)
  Rendered layout layouts/application.html.erb (Duration: 8.4ms | Allocations: 2804)
Completed 200 OK in 12ms (Views: 11.1ms | ActiveRecord: 0.0ms | Allocations: 3693)


Started GET "/" for 127.0.0.1 at 2024-03-29 18:41:49 -0300
Processing by StaticPagesController#home as HTML
  Rendering layout layouts/application.html.erb
  Rendering static_pages/home.html.erb within layouts/application
  Rendered static_pages/home.html.erb within layouts/application (Duration: 0.4ms | Allocations: 102)
  Rendered layout layouts/application.html.erb (Duration: 7.6ms | Allocations: 2855)
Completed 200 OK in 10ms (Views: 9.5ms | ActiveRecord: 0.0ms | Allocations: 3748)


Started GET "/" for 127.0.0.1 at 2024-03-29 18:42:27 -0300
Processing by StaticPagesController#home as HTML
  Rendering layout layouts/application.html.erb
  Rendering static_pages/home.html.erb within layouts/application
  Rendered static_pages/home.html.erb within layouts/application (Duration: 0.4ms | Allocations: 98)
  Rendered layout layouts/application.html.erb (Duration: 6.5ms | Allocations: 2825)
Completed 200 OK in 9ms (Views: 8.2ms | ActiveRecord: 0.0ms | Allocations: 3713)


Started GET "/" for 127.0.0.1 at 2024-03-29 18:42:36 -0300
Processing by StaticPagesController#home as HTML
  Rendering layout layouts/application.html.erb
  Rendering static_pages/home.html.erb within layouts/application
  Rendered static_pages/home.html.erb within layouts/application (Duration: 0.4ms | Allocations: 98)
  Rendered layout layouts/application.html.erb (Duration: 10.1ms | Allocations: 2845)
Completed 200 OK in 14ms (Views: 12.6ms | ActiveRecord: 0.0ms | Allocations: 3734)


Started GET "/" for 127.0.0.1 at 2024-03-29 18:42:52 -0300
Processing by StaticPagesController#home as HTML
  Rendering layout layouts/application.html.erb
  Rendering static_pages/home.html.erb within layouts/application
  Rendered static_pages/home.html.erb within layouts/application (Duration: 0.4ms | Allocations: 102)
  Rendered layout layouts/application.html.erb (Duration: 7.5ms | Allocations: 2856)
Completed 200 OK in 10ms (Views: 9.2ms | ActiveRecord: 0.0ms | Allocations: 3748)


Started GET "/" for 127.0.0.1 at 2024-03-29 18:43:19 -0300
Processing by StaticPagesController#home as HTML
  Rendering layout layouts/application.html.erb
  Rendering static_pages/home.html.erb within layouts/application
  Rendered static_pages/home.html.erb within layouts/application (Duration: 0.4ms | Allocations: 98)
  Rendered layout layouts/application.html.erb (Duration: 6.7ms | Allocations: 2831)
Completed 200 OK in 9ms (Views: 8.5ms | ActiveRecord: 0.0ms | Allocations: 3719)


Started GET "/" for 127.0.0.1 at 2024-03-29 18:46:23 -0300
Processing by StaticPagesController#home as HTML
  Rendering layout layouts/application.html.erb
  Rendering static_pages/home.html.erb within layouts/application
  Rendered static_pages/home.html.erb within layouts/application (Duration: 0.5ms | Allocations: 100)
  Rendered layout layouts/application.html.erb (Duration: 7.8ms | Allocations: 2856)
Completed 200 OK in 11ms (Views: 9.7ms | ActiveRecord: 0.0ms | Allocations: 3749)


Started GET "/" for 127.0.0.1 at 2024-03-29 18:46:51 -0300
Processing by StaticPagesController#home as HTML
  Rendering layout layouts/application.html.erb
  Rendering static_pages/home.html.erb within layouts/application
  Rendered static_pages/home.html.erb within layouts/application (Duration: 0.6ms | Allocations: 98)
  Rendered layout layouts/application.html.erb (Duration: 8.1ms | Allocations: 2825)
Completed 200 OK in 12ms (Views: 10.8ms | ActiveRecord: 0.0ms | Allocations: 3717)


Started GET "/" for 127.0.0.1 at 2024-03-29 18:47:42 -0300
Processing by StaticPagesController#home as HTML
  Rendering layout layouts/application.html.erb
  Rendering static_pages/home.html.erb within layouts/application
  Rendered static_pages/home.html.erb within layouts/application (Duration: 0.5ms | Allocations: 99)
  Rendered layout layouts/application.html.erb (Duration: 6.6ms | Allocations: 2813)
Completed 200 OK in 9ms (Views: 8.4ms | ActiveRecord: 0.0ms | Allocations: 3701)


Started GET "/" for 127.0.0.1 at 2024-03-29 18:48:47 -0300
Processing by StaticPagesController#home as HTML
  Rendering layout layouts/application.html.erb
  Rendering static_pages/home.html.erb within layouts/application
  Rendered static_pages/home.html.erb within layouts/application (Duration: 0.4ms | Allocations: 103)
  Rendered layout layouts/application.html.erb (Duration: 5.6ms | Allocations: 2857)
Completed 200 OK in 9ms (Views: 7.3ms | ActiveRecord: 0.0ms | Allocations: 3750)


Started GET "/" for 127.0.0.1 at 2024-03-29 18:49:39 -0300
Processing by StaticPagesController#home as HTML
  Rendering layout layouts/application.html.erb
  Rendering static_pages/home.html.erb within layouts/application
  Rendered static_pages/home.html.erb within layouts/application (Duration: 0.6ms | Allocations: 100)
  Rendered layout layouts/application.html.erb (Duration: 6.2ms | Allocations: 2811)
Completed 200 OK in 10ms (Views: 8.8ms | ActiveRecord: 0.0ms | Allocations: 3700)


Started GET "/" for 127.0.0.1 at 2024-03-29 18:50:17 -0300
Processing by StaticPagesController#home as HTML
  Rendering layout layouts/application.html.erb
  Rendering static_pages/home.html.erb within layouts/application
  Rendered static_pages/home.html.erb within layouts/application (Duration: 0.4ms | Allocations: 99)
  Rendered layout layouts/application.html.erb (Duration: 5.6ms | Allocations: 2863)
Completed 200 OK in 8ms (Views: 7.3ms | ActiveRecord: 0.0ms | Allocations: 3756)


Started GET "/" for 127.0.0.1 at 2024-03-29 18:51:22 -0300
Processing by StaticPagesController#home as HTML
  Rendering layout layouts/application.html.erb
  Rendering static_pages/home.html.erb within layouts/application
  Rendered static_pages/home.html.erb within layouts/application (Duration: 0.4ms | Allocations: 98)
  Rendered layout layouts/application.html.erb (Duration: 6.0ms | Allocations: 2851)
Completed 200 OK in 8ms (Views: 7.6ms | ActiveRecord: 0.0ms | Allocations: 3743)


Started GET "/about" for 127.0.0.1 at 2024-03-29 18:52:11 -0300
Processing by StaticPagesController#about as HTML
  Rendering layout layouts/application.html.erb
  Rendering static_pages/about.html.erb within layouts/application
  Rendered static_pages/about.html.erb within layouts/application (Duration: 0.4ms | Allocations: 105)
  Rendered layout layouts/application.html.erb (Duration: 6.7ms | Allocations: 2530)
Completed 200 OK in 8ms (Views: 7.7ms | ActiveRecord: 0.0ms | Allocations: 2820)


Started GET "/contact" for 127.0.0.1 at 2024-03-29 18:54:20 -0300
Processing by StaticPagesController#contact as HTML
  Rendering layout layouts/application.html.erb
  Rendering static_pages/contact.html.erb within layouts/application
  Rendered static_pages/contact.html.erb within layouts/application (Duration: 0.6ms | Allocations: 95)
  Rendered layout layouts/application.html.erb (Duration: 5.0ms | Allocations: 2505)
Completed 200 OK in 7ms (Views: 5.8ms | ActiveRecord: 0.0ms | Allocations: 2795)


Started GET "/about" for 127.0.0.1 at 2024-03-29 18:56:27 -0300
Processing by StaticPagesController#about as HTML
  Rendering layout layouts/application.html.erb
  Rendering static_pages/about.html.erb within layouts/application
  Rendered static_pages/about.html.erb within layouts/application (Duration: 0.0ms | Allocations: 7)
  Rendered layout layouts/application.html.erb (Duration: 5.6ms | Allocations: 2416)
Completed 200 OK in 7ms (Views: 6.3ms | ActiveRecord: 0.0ms | Allocations: 2646)


Started GET "/about" for 127.0.0.1 at 2024-03-29 18:59:06 -0300
Processing by StaticPagesController#about as HTML
  Rendering layout layouts/application.html.erb
  Rendering static_pages/about.html.erb within layouts/application
  Rendered static_pages/about.html.erb within layouts/application (Duration: 0.4ms | Allocations: 103)
  Rendered layout layouts/application.html.erb (Duration: 6.1ms | Allocations: 2860)
Completed 200 OK in 10ms (Views: 8.2ms | ActiveRecord: 0.0ms | Allocations: 3753)


Started GET "/contact" for 127.0.0.1 at 2024-03-29 19:00:51 -0300
Processing by StaticPagesController#contact as HTML
  Rendering layout layouts/application.html.erb
  Rendering static_pages/contact.html.erb within layouts/application
  Rendered static_pages/contact.html.erb within layouts/application (Duration: 0.5ms | Allocations: 128)
  Rendered layout layouts/application.html.erb (Duration: 5.7ms | Allocations: 2851)
Completed 200 OK in 8ms (Views: 7.5ms | ActiveRecord: 0.0ms | Allocations: 3740)


Started GET "/contact" for 127.0.0.1 at 2024-03-29 19:02:08 -0300
Processing by StaticPagesController#contact as HTML
  Rendering layout layouts/application.html.erb
  Rendering static_pages/contact.html.erb within layouts/application
  Rendered static_pages/contact.html.erb within layouts/application (Duration: 0.5ms | Allocations: 130)
  Rendered layout layouts/application.html.erb (Duration: 5.6ms | Allocations: 2882)
Completed 200 OK in 8ms (Views: 7.4ms | ActiveRecord: 0.0ms | Allocations: 3775)


Started GET "/contact" for 127.0.0.1 at 2024-03-29 19:02:10 -0300
Processing by StaticPagesController#contact as HTML
  Rendering layout layouts/application.html.erb
  Rendering static_pages/contact.html.erb within layouts/application
  Rendered static_pages/contact.html.erb within layouts/application (Duration: 0.0ms | Allocations: 7)
  Rendered layout layouts/application.html.erb (Duration: 6.4ms | Allocations: 2425)
Completed 200 OK in 7ms (Views: 7.0ms | ActiveRecord: 0.0ms | Allocations: 2655)


Started GET "/contact" for 127.0.0.1 at 2024-03-29 19:03:35 -0300
Processing by StaticPagesController#contact as HTML
  Rendering layout layouts/application.html.erb
  Rendering static_pages/contact.html.erb within layouts/application
  Rendered static_pages/contact.html.erb within layouts/application (Duration: 0.5ms | Allocations: 118)
  Rendered layout layouts/application.html.erb (Duration: 7.4ms | Allocations: 2832)
Completed 200 OK in 10ms (Views: 9.1ms | ActiveRecord: 0.0ms | Allocations: 3721)


Started GET "/contact" for 127.0.0.1 at 2024-03-29 19:03:54 -0300
Processing by StaticPagesController#contact as HTML
  Rendering layout layouts/application.html.erb
  Rendering static_pages/contact.html.erb within layouts/application
  Rendered static_pages/contact.html.erb within layouts/application (Duration: 0.9ms | Allocations: 121)
  Rendered layout layouts/application.html.erb (Duration: 6.8ms | Allocations: 2873)
Completed 200 OK in 11ms (Views: 9.4ms | ActiveRecord: 0.0ms | Allocations: 3766)


Started GET "/contact" for 127.0.0.1 at 2024-03-29 19:04:09 -0300
Processing by StaticPagesController#contact as HTML
  Rendering layout layouts/application.html.erb
  Rendering static_pages/contact.html.erb within layouts/application
  Rendered static_pages/contact.html.erb within layouts/application (Duration: 0.5ms | Allocations: 117)
  Rendered layout layouts/application.html.erb (Duration: 6.3ms | Allocations: 2847)
Completed 200 OK in 9ms (Views: 8.0ms | ActiveRecord: 0.0ms | Allocations: 3736)


Started GET "/" for 127.0.0.1 at 2024-03-29 19:08:01 -0300
Processing by StaticPagesController#home as HTML
  Rendering layout layouts/application.html.erb
  Rendering static_pages/home.html.erb within layouts/application
  Rendered static_pages/home.html.erb within layouts/application (Duration: 0.5ms | Allocations: 101)
  Rendered layout layouts/application.html.erb (Duration: 5.4ms | Allocations: 2849)
Completed 200 OK in 9ms (Views: 7.5ms | ActiveRecord: 0.0ms | Allocations: 3742)


Started GET "/" for 127.0.0.1 at 2024-03-29 19:10:08 -0300
Processing by StaticPagesController#home as HTML
  Rendering layout layouts/application.html.erb
  Rendering static_pages/home.html.erb within layouts/application
  Rendered static_pages/home.html.erb within layouts/application (Duration: 0.5ms | Allocations: 97)
  Rendered layout layouts/application.html.erb (Duration: 28.5ms | Allocations: 3781)
Completed 500 Internal Server Error in 36ms (ActiveRecord: 0.0ms | Allocations: 4650)


  
ActionView::Template::Error (undefined local variable or method `pages_home_path' for #<ActionView::Base:0x0000000009de40>):
    21: 
    22:         <div class="col-xs-12 col-md-6 col-lg-3">
    23:           <p class ="h3">Home</p>
    24:           <%= link_to "Ir a Acerca de", pages_home_path %>
    25:         </div> 
    26: 
    27:         <div class="col-xs-12 col-md-6 col-lg-3">
  
app/views/layouts/application.html.erb:24
Started GET "/" for 127.0.0.1 at 2024-03-29 19:10:36 -0300
Processing by StaticPagesController#home as HTML
  Rendering layout layouts/application.html.erb
  Rendering static_pages/home.html.erb within layouts/application
  Rendered static_pages/home.html.erb within layouts/application (Duration: 0.4ms | Allocations: 97)
  Rendered layout layouts/application.html.erb (Duration: 8.3ms | Allocations: 3765)
Completed 500 Internal Server Error in 11ms (ActiveRecord: 0.0ms | Allocations: 4633)


  
ActionView::Template::Error (undefined local variable or method `static_pages_home_path' for #<ActionView::Base:0x000000000a1ab8>):
    21: 
    22:         <div class="col-xs-12 col-md-6 col-lg-3">
    23:           <p class ="h3">Home</p>
    24:           <%= link_to "Ir a Acerca de", static_pages_home_path %>
    25:         </div> 
    26: 
    27:         <div class="col-xs-12 col-md-6 col-lg-3">
  
app/views/layouts/application.html.erb:24
Started GET "/" for 127.0.0.1 at 2024-03-29 19:11:11 -0300
Processing by StaticPagesController#home as HTML
  Rendering layout layouts/application.html.erb
  Rendering static_pages/home.html.erb within layouts/application
  Rendered static_pages/home.html.erb within layouts/application (Duration: 0.5ms | Allocations: 97)
  Rendered layout layouts/application.html.erb (Duration: 6.6ms | Allocations: 3739)
Completed 500 Internal Server Error in 10ms (ActiveRecord: 0.0ms | Allocations: 4608)


  
ActionView::Template::Error (undefined local variable or method `static_pages_home' for #<ActionView::Base:0x000000000a5758>):
    21: 
    22:         <div class="col-xs-12 col-md-6 col-lg-3">
    23:           <p class ="h3">Home</p>
    24:           <%= link_to "Ir al Inicio", static_pages_home%>
    25:         </div> 
    26: 
    27:         <div class="col-xs-12 col-md-6 col-lg-3">
  
app/views/layouts/application.html.erb:24
Started GET "/" for 127.0.0.1 at 2024-03-29 19:12:03 -0300
Processing by StaticPagesController#home as HTML
  Rendering layout layouts/application.html.erb
  Rendering static_pages/home.html.erb within layouts/application
  Rendered static_pages/home.html.erb within layouts/application (Duration: 0.5ms | Allocations: 98)
  Rendered layout layouts/application.html.erb (Duration: 6.7ms | Allocations: 3737)
Completed 500 Internal Server Error in 10ms (ActiveRecord: 0.0ms | Allocations: 4606)


  
ActionView::Template::Error (undefined local variable or method `pages_home_path' for #<ActionView::Base:0x000000000a9420>):
    21: 
    22:         <div class="col-xs-12 col-md-6 col-lg-3">
    23:           <p class ="h3">Home</p>
    24:           <%= link_to "Ir al Inicio", pages_home_path%>
    25:         </div> 
    26: 
    27:         <div class="col-xs-12 col-md-6 col-lg-3">
  
app/views/layouts/application.html.erb:24
Started GET "/" for 127.0.0.1 at 2024-03-29 19:12:31 -0300
Processing by StaticPagesController#home as HTML
  Rendering layout layouts/application.html.erb
  Rendering static_pages/home.html.erb within layouts/application
  Rendered static_pages/home.html.erb within layouts/application (Duration: 0.7ms | Allocations: 97)
  Rendered layout layouts/application.html.erb (Duration: 9.8ms | Allocations: 3736)
Completed 500 Internal Server Error in 14ms (ActiveRecord: 0.0ms | Allocations: 4602)


  
ActionView::Template::Error (undefined local variable or method `static_pages_home_path' for #<ActionView::Base:0x000000000ad110>):
    21: 
    22:         <div class="col-xs-12 col-md-6 col-lg-3">
    23:           <p class ="h3">Home</p>
    24:           <%= link_to "Ir al Inicio", static_pages_home_path%>
    25:         </div> 
    26: 
    27:         <div class="col-xs-12 col-md-6 col-lg-3">
  
app/views/layouts/application.html.erb:24
Started GET "/" for 127.0.0.1 at 2024-03-29 19:15:31 -0300
Processing by StaticPagesController#home as HTML
  Rendering layout layouts/application.html.erb
  Rendering static_pages/home.html.erb within layouts/application
  Rendered static_pages/home.html.erb within layouts/application (Duration: 0.5ms | Allocations: 97)
  Rendered layout layouts/application.html.erb (Duration: 5.5ms | Allocations: 2837)
Completed 200 OK in 9ms (Views: 7.6ms | ActiveRecord: 0.0ms | Allocations: 3724)


Started GET "/" for 127.0.0.1 at 2024-03-29 19:15:45 -0300
Processing by StaticPagesController#home as HTML
  Rendering layout layouts/application.html.erb
  Rendering static_pages/home.html.erb within layouts/application
  Rendered static_pages/home.html.erb within layouts/application (Duration: 0.4ms | Allocations: 101)
  Rendered layout layouts/application.html.erb (Duration: 6.1ms | Allocations: 2936)
Completed 200 OK in 9ms (Views: 8.0ms | ActiveRecord: 0.0ms | Allocations: 3828)


Started GET "/about" for 127.0.0.1 at 2024-03-29 19:15:47 -0300
Processing by StaticPagesController#about as HTML
  Rendering layout layouts/application.html.erb
  Rendering static_pages/about.html.erb within layouts/application
  Rendered static_pages/about.html.erb within layouts/application (Duration: 0.4ms | Allocations: 94)
  Rendered layout layouts/application.html.erb (Duration: 6.4ms | Allocations: 2530)
Completed 200 OK in 7ms (Views: 7.0ms | ActiveRecord: 0.0ms | Allocations: 2820)


Started GET "/about" for 127.0.0.1 at 2024-03-29 19:17:08 -0300
Processing by StaticPagesController#about as HTML
  Rendering layout layouts/application.html.erb
  Rendering static_pages/about.html.erb within layouts/application
  Rendered static_pages/about.html.erb within layouts/application (Duration: 0.4ms | Allocations: 98)
  Rendered layout layouts/application.html.erb (Duration: 5.4ms | Allocations: 2898)
Completed 200 OK in 8ms (Views: 7.1ms | ActiveRecord: 0.0ms | Allocations: 3786)


Started GET "/about" for 127.0.0.1 at 2024-03-29 19:17:09 -0300
Processing by StaticPagesController#about as HTML
  Rendering layout layouts/application.html.erb
  Rendering static_pages/about.html.erb within layouts/application
  Rendered static_pages/about.html.erb within layouts/application (Duration: 0.0ms | Allocations: 7)
  Rendered layout layouts/application.html.erb (Duration: 4.5ms | Allocations: 2423)
Completed 200 OK in 5ms (Views: 5.2ms | ActiveRecord: 0.0ms | Allocations: 2652)


Started GET "/about" for 127.0.0.1 at 2024-03-29 19:18:12 -0300
Processing by StaticPagesController#about as HTML
  Rendering layout layouts/application.html.erb
  Rendering static_pages/about.html.erb within layouts/application
  Rendered static_pages/about.html.erb within layouts/application (Duration: 0.5ms | Allocations: 102)
  Rendered layout layouts/application.html.erb (Duration: 5.3ms | Allocations: 2892)
Completed 200 OK in 8ms (Views: 7.0ms | ActiveRecord: 0.0ms | Allocations: 3784)


Started GET "/about" for 127.0.0.1 at 2024-03-29 19:18:14 -0300
Processing by StaticPagesController#about as HTML
  Rendering layout layouts/application.html.erb
  Rendering static_pages/about.html.erb within layouts/application
  Rendered static_pages/about.html.erb within layouts/application (Duration: 0.0ms | Allocations: 7)
  Rendered layout layouts/application.html.erb (Duration: 8.3ms | Allocations: 2432)
Completed 200 OK in 9ms (Views: 8.9ms | ActiveRecord: 0.0ms | Allocations: 2661)


Started GET "/" for 127.0.0.1 at 2024-03-29 19:18:21 -0300
Processing by StaticPagesController#home as HTML
  Rendering layout layouts/application.html.erb
  Rendering static_pages/home.html.erb within layouts/application
  Rendered static_pages/home.html.erb within layouts/application (Duration: 0.4ms | Allocations: 93)
  Rendered layout layouts/application.html.erb (Duration: 5.5ms | Allocations: 2544)
Completed 200 OK in 7ms (Views: 6.1ms | ActiveRecord: 0.0ms | Allocations: 2834)


Started GET "/about" for 127.0.0.1 at 2024-03-29 19:18:23 -0300
Processing by StaticPagesController#about as HTML
  Rendering layout layouts/application.html.erb
  Rendering static_pages/about.html.erb within layouts/application
  Rendered static_pages/about.html.erb within layouts/application (Duration: 0.1ms | Allocations: 7)
  Rendered layout layouts/application.html.erb (Duration: 5.0ms | Allocations: 2441)
Completed 200 OK in 6ms (Views: 5.6ms | ActiveRecord: 0.0ms | Allocations: 2670)


Started GET "/about" for 127.0.0.1 at 2024-03-29 19:19:34 -0300
Processing by StaticPagesController#about as HTML
  Rendering layout layouts/application.html.erb
  Rendering static_pages/about.html.erb within layouts/application
  Rendered static_pages/about.html.erb within layouts/application (Duration: 0.4ms | Allocations: 100)
  Rendered layout layouts/application.html.erb (Duration: 1.9ms | Allocations: 1398)
Completed 500 Internal Server Error in 4ms (ActiveRecord: 0.0ms | Allocations: 2299)


  
ActionView::SyntaxErrorInTemplate (Encountered a syntax error while rendering template: check <!DOCTYPE html>
<html>
  <head>
    <title>Y</title>
    <meta name="viewport" content="width=device-width,initial-scale=1">
    <%= csrf_meta_tags %>
    <%= csp_meta_tag %>

    <%= stylesheet_link_tag "application", "data-turbo-track": "reload" %>
    <%= javascript_include_tag "application", "data-turbo-track": "reload", type: "module" %>
  </head>

  <body>

  <blockquote class="blockquote text-center">
    <h1 class="display-2">Y</h1>
  </blockquote>

  <div class = "container-fluid">
      <div class= "row p-1 bg-secondary text-white">

        <div class="col-xs-12 col-md-6 col-lg-3">
          <p class ="h3">Home</p>
          
        </div> 

        <div class="col-xs-12 col-md-6 col-lg-3">
          <p class = "h3" >
            <%= link_to "About" , about_path, class = "text-decoration-none" %>
          </p>
          
        </div>

        <div class="col-xs-12 col-md-6 col-lg-3">
          <p class = "h3">Contact</p>
        </div>

      </div>
    </div>




    <%= yield %>
    
    <div class = "container-fluid">
      <div class= "row p-2 fixed-bottom bg-dark text-white">

        <div class="col-xs-12 col-md-6 col-lg-3">
          <p class ="h3">Derechos de autor:</p>
          <p>Daniel Guzman</p>
        </div> 

        <div class="col-xs-12 col-md-6 col-lg-3">
          <p class = "h3">Redes sociales:</p>
          <p>Watsapp</p>
          <p>Instagram</p>
        </div>

      </div>
    </div>
  </body>
</html>

):
1:    <!DOCTYPE html>
2:    <html>
3:      <head>
4:        <title>Y</title>
5:        <meta name="viewport" content="width=device-width,initial-scale=1">
6:        <%= csrf_meta_tags %>
7:        <%= csp_meta_tag %>
8:    
9:        <%= stylesheet_link_tag "application", "data-turbo-track": "reload" %>
10:        <%= javascript_include_tag "application", "data-turbo-track": "reload", type: "module" %>
11:      </head>
12:    
13:      <body>
14:    
15:      <blockquote class="blockquote text-center">
16:        <h1 class="display-2">Y</h1>
17:      </blockquote>
18:    
19:      <div class = "container-fluid">
20:          <div class= "row p-1 bg-secondary text-white">
21:    
22:            <div class="col-xs-12 col-md-6 col-lg-3">
23:              <p class ="h3">Home</p>
24:              
25:            </div> 
26:    
27:            <div class="col-xs-12 col-md-6 col-lg-3">
28:              <p class = "h3" >
29:                <%= link_to "About" , about_path, class = "text-decoration-none" %>
30:              </p>
31:              
32:            </div>
33:    
34:            <div class="col-xs-12 col-md-6 col-lg-3">
35:              <p class = "h3">Contact</p>
36:            </div>
37:    
38:          </div>
39:        </div>
40:    
41:    
42:    
43:    
44:        <%= yield %>
45:        
46:        <div class = "container-fluid">
47:          <div class= "row p-2 fixed-bottom bg-dark text-white">
48:    
49:            <div class="col-xs-12 col-md-6 col-lg-3">
50:              <p class ="h3">Derechos de autor:</p>
51:              <p>Daniel Guzman</p>
52:            </div> 
53:    
54:            <div class="col-xs-12 col-md-6 col-lg-3">
55:              <p class = "h3">Redes sociales:</p>
56:              <p>Watsapp</p>
57:              <p>Instagram</p>
58:            </div>
59:    
60:          </div>
61:        </div>
62:      </body>
63:    </html>
  
app/views/layouts/application.html.erb:29: syntax error, unexpected '='
Started GET "/about" for 127.0.0.1 at 2024-03-29 19:19:56 -0300
Processing by StaticPagesController#about as HTML
  Rendering layout layouts/application.html.erb
  Rendering static_pages/about.html.erb within layouts/application
  Rendered static_pages/about.html.erb within layouts/application (Duration: 0.4ms | Allocations: 98)
  Rendered layout layouts/application.html.erb (Duration: 5.1ms | Allocations: 2903)
Completed 200 OK in 8ms (Views: 6.8ms | ActiveRecord: 0.0ms | Allocations: 3790)


Started GET "/about" for 127.0.0.1 at 2024-03-29 19:19:58 -0300
Processing by StaticPagesController#about as HTML
  Rendering layout layouts/application.html.erb
  Rendering static_pages/about.html.erb within layouts/application
  Rendered static_pages/about.html.erb within layouts/application (Duration: 0.1ms | Allocations: 7)
  Rendered layout layouts/application.html.erb (Duration: 8.8ms | Allocations: 2460)
Completed 200 OK in 11ms (Views: 10.4ms | ActiveRecord: 0.0ms | Allocations: 2688)


Started GET "/about" for 127.0.0.1 at 2024-03-29 19:20:02 -0300
Processing by StaticPagesController#about as HTML
  Rendering layout layouts/application.html.erb
  Rendering static_pages/about.html.erb within layouts/application
  Rendered static_pages/about.html.erb within layouts/application (Duration: 0.0ms | Allocations: 7)
  Rendered layout layouts/application.html.erb (Duration: 5.0ms | Allocations: 2457)
Completed 200 OK in 6ms (Views: 5.6ms | ActiveRecord: 0.0ms | Allocations: 2685)


Started GET "/about" for 127.0.0.1 at 2024-03-29 19:20:24 -0300
Processing by StaticPagesController#about as HTML
  Rendering layout layouts/application.html.erb
  Rendering static_pages/about.html.erb within layouts/application
  Rendered static_pages/about.html.erb within layouts/application (Duration: 0.4ms | Allocations: 102)
  Rendered layout layouts/application.html.erb (Duration: 7.2ms | Allocations: 2901)
Completed 200 OK in 10ms (Views: 9.0ms | ActiveRecord: 0.0ms | Allocations: 3793)


Started GET "/about" for 127.0.0.1 at 2024-03-29 19:20:25 -0300
Processing by StaticPagesController#about as HTML
  Rendering layout layouts/application.html.erb
  Rendering static_pages/about.html.erb within layouts/application
  Rendered static_pages/about.html.erb within layouts/application (Duration: 0.0ms | Allocations: 7)
  Rendered layout layouts/application.html.erb (Duration: 7.3ms | Allocations: 2445)
Completed 200 OK in 8ms (Views: 8.2ms | ActiveRecord: 0.0ms | Allocations: 2674)


Started GET "/" for 127.0.0.1 at 2024-03-29 19:20:31 -0300
Processing by StaticPagesController#home as HTML
  Rendering layout layouts/application.html.erb
  Rendering static_pages/home.html.erb within layouts/application
  Rendered static_pages/home.html.erb within layouts/application (Duration: 0.4ms | Allocations: 93)
  Rendered layout layouts/application.html.erb (Duration: 5.7ms | Allocations: 2551)
Completed 200 OK in 7ms (Views: 6.5ms | ActiveRecord: 0.0ms | Allocations: 2841)


Started GET "/about" for 127.0.0.1 at 2024-03-29 19:20:32 -0300
Processing by StaticPagesController#about as HTML
  Rendering layout layouts/application.html.erb
  Rendering static_pages/about.html.erb within layouts/application
  Rendered static_pages/about.html.erb within layouts/application (Duration: 0.1ms | Allocations: 7)
  Rendered layout layouts/application.html.erb (Duration: 6.6ms | Allocations: 2439)
Completed 200 OK in 8ms (Views: 7.8ms | ActiveRecord: 0.0ms | Allocations: 2668)


Started GET "/about" for 127.0.0.1 at 2024-03-29 19:21:55 -0300
Processing by StaticPagesController#about as HTML
  Rendering layout layouts/application.html.erb
  Rendering static_pages/about.html.erb within layouts/application
  Rendered static_pages/about.html.erb within layouts/application (Duration: 0.4ms | Allocations: 98)
  Rendered layout layouts/application.html.erb (Duration: 6.2ms | Allocations: 3780)
Completed 500 Internal Server Error in 9ms (ActiveRecord: 0.0ms | Allocations: 4646)


  
ActionView::Template::Error (undefined local variable or method `home_path' for #<ActionView::Base:0x000000000cb0e8>):
    21: 
    22:         <div class="col-xs-12 col-md-6 col-lg-3">
    23:           <p class ="h3">
    24:           <%= link_to "Home" , home_path, class: "text-decoration-none text-white" %>
    25:           </p>
    26:           
    27:         </div> 
  
app/views/layouts/application.html.erb:24
Started GET "/about" for 127.0.0.1 at 2024-03-29 19:22:34 -0300
Processing by StaticPagesController#about as HTML
  Rendering layout layouts/application.html.erb
  Rendering static_pages/about.html.erb within layouts/application
  Rendered static_pages/about.html.erb within layouts/application (Duration: 0.5ms | Allocations: 100)
  Rendered layout layouts/application.html.erb (Duration: 6.4ms | Allocations: 2952)
Completed 200 OK in 10ms (Views: 8.7ms | ActiveRecord: 0.0ms | Allocations: 3846)


Started GET "/contact" for 127.0.0.1 at 2024-03-29 19:22:36 -0300
Processing by StaticPagesController#contact as HTML
  Rendering layout layouts/application.html.erb
  Rendering static_pages/contact.html.erb within layouts/application
  Rendered static_pages/contact.html.erb within layouts/application (Duration: 0.4ms | Allocations: 112)
  Rendered layout layouts/application.html.erb (Duration: 6.0ms | Allocations: 2566)
Completed 200 OK in 7ms (Views: 6.7ms | ActiveRecord: 0.0ms | Allocations: 2856)


Started GET "/about" for 127.0.0.1 at 2024-03-29 19:22:37 -0300
Processing by StaticPagesController#about as HTML
  Rendering layout layouts/application.html.erb
  Rendering static_pages/about.html.erb within layouts/application
  Rendered static_pages/about.html.erb within layouts/application (Duration: 0.1ms | Allocations: 7)
  Rendered layout layouts/application.html.erb (Duration: 5.2ms | Allocations: 2468)
Completed 200 OK in 7ms (Views: 6.4ms | ActiveRecord: 0.0ms | Allocations: 2697)


Started GET "/contact" for 127.0.0.1 at 2024-03-29 19:22:38 -0300
Processing by StaticPagesController#contact as HTML
  Rendering layout layouts/application.html.erb
  Rendering static_pages/contact.html.erb within layouts/application
  Rendered static_pages/contact.html.erb within layouts/application (Duration: 0.0ms | Allocations: 7)
  Rendered layout layouts/application.html.erb (Duration: 4.6ms | Allocations: 2456)
Completed 200 OK in 6ms (Views: 5.3ms | ActiveRecord: 0.0ms | Allocations: 2685)


Started GET "/about" for 127.0.0.1 at 2024-03-29 19:22:38 -0300
Processing by StaticPagesController#about as HTML
  Rendering layout layouts/application.html.erb
  Rendering static_pages/about.html.erb within layouts/application
  Rendered static_pages/about.html.erb within layouts/application (Duration: 0.0ms | Allocations: 7)
  Rendered layout layouts/application.html.erb (Duration: 5.1ms | Allocations: 2480)
Completed 200 OK in 6ms (Views: 5.7ms | ActiveRecord: 0.0ms | Allocations: 2709)


Started GET "/about" for 127.0.0.1 at 2024-03-29 19:23:03 -0300
Processing by StaticPagesController#about as HTML
  Rendering layout layouts/application.html.erb
  Rendering static_pages/about.html.erb within layouts/application
  Rendered static_pages/about.html.erb within layouts/application (Duration: 0.4ms | Allocations: 98)
  Rendered layout layouts/application.html.erb (Duration: 6.3ms | Allocations: 3778)
Completed 500 Internal Server Error in 9ms (ActiveRecord: 0.0ms | Allocations: 4644)


  
ActionView::Template::Error (undefined local variable or method `home_path' for #<ActionView::Base:0x000000000d2c30>):
    21: 
    22:         <div class="col-xs-12 col-md-6 col-lg-3">
    23:           <p class ="h3">
    24:           <%= link_to "Home" , home_path, class: "text-decoration-none text-white" %>
    25:           </p>
    26:           
    27:         </div> 
  
app/views/layouts/application.html.erb:24
Started GET "/about" for 127.0.0.1 at 2024-03-29 19:24:21 -0300
Processing by StaticPagesController#about as HTML
  Rendering layout layouts/application.html.erb
  Rendering static_pages/about.html.erb within layouts/application
  Rendered static_pages/about.html.erb within layouts/application (Duration: 0.1ms | Allocations: 7)
  Rendered layout layouts/application.html.erb (Duration: 14.5ms | Allocations: 3365)
Completed 500 Internal Server Error in 18ms (ActiveRecord: 0.0ms | Allocations: 3574)


  
ActionView::Template::Error (undefined local variable or method `home_path' for #<ActionView::Base:0x000000000d2f50>):
    21: 
    22:         <div class="col-xs-12 col-md-6 col-lg-3">
    23:           <p class ="h3">
    24:           <%= link_to "Home" , home_path, class: "text-decoration-none text-white" %>
    25:           </p>
    26:           
    27:         </div> 
  
app/views/layouts/application.html.erb:24
Started GET "/about" for 127.0.0.1 at 2024-03-29 19:24:34 -0300
Processing by StaticPagesController#about as HTML
  Rendering layout layouts/application.html.erb
  Rendering static_pages/about.html.erb within layouts/application
  Rendered static_pages/about.html.erb within layouts/application (Duration: 0.4ms | Allocations: 98)
  Rendered layout layouts/application.html.erb (Duration: 6.8ms | Allocations: 3782)
Completed 500 Internal Server Error in 9ms (ActiveRecord: 0.0ms | Allocations: 4648)


  
ActionView::Template::Error (undefined local variable or method `home_path' for #<ActionView::Base:0x000000000d6e20>):
    21: 
    22:         <div class="col-xs-12 col-md-6 col-lg-3">
    23:           <p class ="h3">
    24:             <%= link_to "Home" , home_path, class: "text-decoration-none text-white" %>
    25:           </p>
    26:           
    27:         </div> 
  
app/views/layouts/application.html.erb:24
Started GET "/about" for 127.0.0.1 at 2024-03-29 19:24:52 -0300
Processing by StaticPagesController#about as HTML
  Rendering layout layouts/application.html.erb
  Rendering static_pages/about.html.erb within layouts/application
  Rendered static_pages/about.html.erb within layouts/application (Duration: 0.5ms | Allocations: 100)
  Rendered layout layouts/application.html.erb (Duration: 10.2ms | Allocations: 3785)
Completed 500 Internal Server Error in 13ms (ActiveRecord: 0.0ms | Allocations: 4654)


  
ActionView::Template::Error (undefined local variable or method `home_path' for #<ActionView::Base:0x000000000dacc8>):
    21: 
    22:         <div class="col-xs-12 col-md-6 col-lg-3">
    23:           <p class ="h3">
    24:             <%= link_to "Home" , home_path, class: "text-decoration-none text-white" %>
    25:           </p>
    26:           
    27:         </div> 
  
app/views/layouts/application.html.erb:24
Started GET "/about" for 127.0.0.1 at 2024-03-29 19:25:28 -0300
Processing by StaticPagesController#about as HTML
  Rendering layout layouts/application.html.erb
  Rendering static_pages/about.html.erb within layouts/application
  Rendered static_pages/about.html.erb within layouts/application (Duration: 0.4ms | Allocations: 98)
  Rendered layout layouts/application.html.erb (Duration: 7.1ms | Allocations: 3783)
Completed 500 Internal Server Error in 12ms (ActiveRecord: 0.0ms | Allocations: 4649)


  
ActionView::Template::Error (undefined local variable or method `home_path' for #<ActionView::Base:0x000000000debc0>):
    21: 
    22:       <div class="col-xs-12 col-md-6 col-lg-3">
    23:       <p class="h3">
    24:         <%= link_to "Home" , home_path, class: "text-decoration-none text-white" %>
    25:       </p>
    26:     </div>
    27:     
  
app/views/layouts/application.html.erb:24
Started GET "/about" for 127.0.0.1 at 2024-03-29 19:26:51 -0300
Processing by StaticPagesController#about as HTML
  Rendering layout layouts/application.html.erb
  Rendering static_pages/about.html.erb within layouts/application
  Rendered static_pages/about.html.erb within layouts/application (Duration: 0.4ms | Allocations: 98)
  Rendered layout layouts/application.html.erb (Duration: 9.8ms | Allocations: 3782)
Completed 500 Internal Server Error in 12ms (ActiveRecord: 0.0ms | Allocations: 4649)


  
ActionView::Template::Error (undefined local variable or method `root_path' for #<ActionView::Base:0x000000000e2b30>):
    21: 
    22:         <div class="col-xs-12 col-md-6 col-lg-3">
    23:           <p class ="h3">
    24:             <%= link_to "Home" , root_path, class: "text-decoration-none text-white" %>
    25:           </p>
    26:           
    27:         </div> 
  
app/views/layouts/application.html.erb:24
Started GET "/about" for 127.0.0.1 at 2024-03-29 19:27:21 -0300
Processing by StaticPagesController#about as HTML
  Rendering layout layouts/application.html.erb
  Rendering static_pages/about.html.erb within layouts/application
  Rendered static_pages/about.html.erb within layouts/application (Duration: 0.4ms | Allocations: 100)
  Rendered layout layouts/application.html.erb (Duration: 7.9ms | Allocations: 3784)
Completed 500 Internal Server Error in 13ms (ActiveRecord: 0.0ms | Allocations: 4653)


  
ActionView::Template::Error (undefined local variable or method `path' for #<ActionView::Base:0x000000000e6a78>):
    21: 
    22:         <div class="col-xs-12 col-md-6 col-lg-3">
    23:           <p class ="h3">
    24:             <%= link_to "Home" , path, class: "text-decoration-none text-white" %>
    25:           </p>
    26:           
    27:         </div> 
  
app/views/layouts/application.html.erb:24
Started GET "/about" for 127.0.0.1 at 2024-03-29 19:28:01 -0300
Processing by StaticPagesController#about as HTML
  Rendering layout layouts/application.html.erb
  Rendering static_pages/about.html.erb within layouts/application
  Rendered static_pages/about.html.erb within layouts/application (Duration: 0.5ms | Allocations: 100)
  Rendered layout layouts/application.html.erb (Duration: 7.5ms | Allocations: 3783)
Completed 500 Internal Server Error in 11ms (ActiveRecord: 0.0ms | Allocations: 4652)


  
ActionView::Template::Error (undefined local variable or method `home_path' for #<ActionView::Base:0x000000000eaa10>):
    21: 
    22:         <div class="col-xs-12 col-md-6 col-lg-3">
    23:           <p class ="h3">
    24:             <%= link_to "Home" , home_path, class: "text-decoration-none text-white" %>
    25:           </p>
    26:           
    27:         </div> 
  
app/views/layouts/application.html.erb:24
Started GET "/" for 127.0.0.1 at 2024-03-29 19:28:06 -0300
Processing by StaticPagesController#home as HTML
  Rendering layout layouts/application.html.erb
  Rendering static_pages/home.html.erb within layouts/application
  Rendered static_pages/home.html.erb within layouts/application (Duration: 0.7ms | Allocations: 93)
  Rendered layout layouts/application.html.erb (Duration: 14.6ms | Allocations: 3453)
Completed 500 Internal Server Error in 16ms (ActiveRecord: 0.0ms | Allocations: 3723)


  
ActionView::Template::Error (undefined local variable or method `home_path' for #<ActionView::Base:0x000000000ead08>):
    21: 
    22:         <div class="col-xs-12 col-md-6 col-lg-3">
    23:           <p class ="h3">
    24:             <%= link_to "Home" , home_path, class: "text-decoration-none text-white" %>
    25:           </p>
    26:           
    27:         </div> 
  
app/views/layouts/application.html.erb:24
Started GET "/" for 127.0.0.1 at 2024-03-29 19:29:59 -0300
Processing by StaticPagesController#home as HTML
  Rendering layout layouts/application.html.erb
  Rendering static_pages/home.html.erb within layouts/application
  Rendered static_pages/home.html.erb within layouts/application (Duration: 0.4ms | Allocations: 97)
  Rendered layout layouts/application.html.erb (Duration: 6.5ms | Allocations: 3780)
Completed 500 Internal Server Error in 9ms (ActiveRecord: 0.0ms | Allocations: 4646)


  
ActionView::Template::Error (undefined local variable or method `root_path' for #<ActionView::Base:0x000000000eecf0>):
    21: 
    22:         <div class="col-xs-12 col-md-6 col-lg-3">
    23:           <p class ="h3">
    24:             <%= link_to "Home" , root_path, class: "text-decoration-none text-white" %>
    25:           </p>
    26:           
    27:         </div> 
  
app/views/layouts/application.html.erb:24
Started GET "/" for 127.0.0.1 at 2024-03-29 19:30:42 -0300
Processing by StaticPagesController#home as HTML
  Rendering layout layouts/application.html.erb
  Rendering static_pages/home.html.erb within layouts/application
  Rendered static_pages/home.html.erb within layouts/application (Duration: 0.4ms | Allocations: 97)
  Rendered layout layouts/application.html.erb (Duration: 7.7ms | Allocations: 3780)
Completed 500 Internal Server Error in 10ms (ActiveRecord: 0.0ms | Allocations: 4646)


  
ActionView::Template::Error (undefined local variable or method `home_path' for #<ActionView::Base:0x000000000f2cb0>):
    21: 
    22:         <div class="col-xs-12 col-md-6 col-lg-3">
    23:           <p class ="h3">
    24:             <%= link_to "Home" , home_path, class: "text-decoration-none text-white" %>
    25:           </p>
    26:           
    27:         </div> 
  
app/views/layouts/application.html.erb:24
Started GET "/" for 127.0.0.1 at 2024-03-29 19:31:48 -0300
Processing by StaticPagesController#home as HTML
  Rendering layout layouts/application.html.erb
  Rendering static_pages/home.html.erb within layouts/application
  Rendered static_pages/home.html.erb within layouts/application (Duration: 0.4ms | Allocations: 97)
  Rendered layout layouts/application.html.erb (Duration: 6.8ms | Allocations: 3780)
Completed 500 Internal Server Error in 10ms (ActiveRecord: 0.0ms | Allocations: 4646)


  
ActionView::Template::Error (undefined local variable or method `root_path' for #<ActionView::Base:0x000000000f6c98>):
    21: 
    22:         <div class="col-xs-12 col-md-6 col-lg-3">
    23:           <p class ="h3">
    24:             <%= link_to "Home" , root_path, class: "text-decoration-none text-white" %>
    25:           </p>
    26:           
    27:         </div> 
  
app/views/layouts/application.html.erb:24
Started GET "/" for 127.0.0.1 at 2024-03-29 19:32:33 -0300
Processing by Rails::WelcomeController#index as HTML
  Rendering /home/daniel/.rbenv/versions/3.2.0/lib/ruby/gems/3.2.0/gems/railties-7.1.3.2/lib/rails/templates/rails/welcome/index.html.erb
  Rendered /home/daniel/.rbenv/versions/3.2.0/lib/ruby/gems/3.2.0/gems/railties-7.1.3.2/lib/rails/templates/rails/welcome/index.html.erb (Duration: 0.9ms | Allocations: 270)
Completed 200 OK in 3ms (Views: 2.2ms | ActiveRecord: 0.0ms | Allocations: 1030)


Started GET "/home" for 127.0.0.1 at 2024-03-29 19:32:44 -0300
Processing by StaticPagesController#home as HTML
  Rendering layout layouts/application.html.erb
  Rendering static_pages/home.html.erb within layouts/application
  Rendered static_pages/home.html.erb within layouts/application (Duration: 0.7ms | Allocations: 96)
  Rendered layout layouts/application.html.erb (Duration: 11.9ms | Allocations: 2997)
Completed 200 OK in 16ms (Views: 14.6ms | ActiveRecord: 0.0ms | Allocations: 3820)


Started GET "/contact" for 127.0.0.1 at 2024-03-29 19:32:45 -0300
Processing by StaticPagesController#contact as HTML
  Rendering layout layouts/application.html.erb
  Rendering static_pages/contact.html.erb within layouts/application
  Rendered static_pages/contact.html.erb within layouts/application (Duration: 0.5ms | Allocations: 111)
  Rendered layout layouts/application.html.erb (Duration: 6.5ms | Allocations: 2582)
Completed 200 OK in 8ms (Views: 7.3ms | ActiveRecord: 0.0ms | Allocations: 2871)


Started GET "/about" for 127.0.0.1 at 2024-03-29 19:32:46 -0300
Processing by StaticPagesController#about as HTML
  Rendering layout layouts/application.html.erb
  Rendering static_pages/about.html.erb within layouts/application
  Rendered static_pages/about.html.erb within layouts/application (Duration: 0.6ms | Allocations: 96)
  Rendered layout layouts/application.html.erb (Duration: 10.7ms | Allocations: 2600)
Completed 200 OK in 13ms (Views: 11.6ms | ActiveRecord: 0.0ms | Allocations: 2891)


Started GET "/home" for 127.0.0.1 at 2024-03-29 19:32:47 -0300
Processing by StaticPagesController#home as HTML
  Rendering layout layouts/application.html.erb
  Rendering static_pages/home.html.erb within layouts/application
  Rendered static_pages/home.html.erb within layouts/application (Duration: 0.1ms | Allocations: 7)
  Rendered layout layouts/application.html.erb (Duration: 8.8ms | Allocations: 2483)
Completed 200 OK in 10ms (Views: 9.7ms | ActiveRecord: 0.0ms | Allocations: 2712)


Started GET "/" for 127.0.0.1 at 2024-03-29 19:33:11 -0300
Processing by StaticPagesController#home as HTML
  Rendering layout layouts/application.html.erb
  Rendering static_pages/home.html.erb within layouts/application
  Rendered static_pages/home.html.erb within layouts/application (Duration: 0.4ms | Allocations: 97)
  Rendered layout layouts/application.html.erb (Duration: 7.4ms | Allocations: 2971)
Completed 200 OK in 10ms (Views: 9.2ms | ActiveRecord: 0.0ms | Allocations: 3862)


Started GET "/contact" for 127.0.0.1 at 2024-03-29 19:33:13 -0300
Processing by StaticPagesController#contact as HTML
  Rendering layout layouts/application.html.erb
  Rendering static_pages/contact.html.erb within layouts/application
  Rendered static_pages/contact.html.erb within layouts/application (Duration: 0.6ms | Allocations: 111)
  Rendered layout layouts/application.html.erb (Duration: 8.3ms | Allocations: 2588)
Completed 200 OK in 11ms (Views: 9.9ms | ActiveRecord: 0.0ms | Allocations: 2878)


Started GET "/about" for 127.0.0.1 at 2024-03-29 19:33:14 -0300
Processing by StaticPagesController#about as HTML
  Rendering layout layouts/application.html.erb
  Rendering static_pages/about.html.erb within layouts/application
  Rendered static_pages/about.html.erb within layouts/application (Duration: 0.4ms | Allocations: 94)
  Rendered layout layouts/application.html.erb (Duration: 9.1ms | Allocations: 2568)
Completed 200 OK in 11ms (Views: 10.5ms | ActiveRecord: 0.0ms | Allocations: 2858)


Started GET "/home" for 127.0.0.1 at 2024-03-29 19:33:14 -0300
Processing by StaticPagesController#home as HTML
  Rendering layout layouts/application.html.erb
  Rendering static_pages/home.html.erb within layouts/application
  Rendered static_pages/home.html.erb within layouts/application (Duration: 0.0ms | Allocations: 7)
  Rendered layout layouts/application.html.erb (Duration: 6.0ms | Allocations: 2494)
Completed 200 OK in 7ms (Views: 6.7ms | ActiveRecord: 0.0ms | Allocations: 2723)


Started GET "/about" for 127.0.0.1 at 2024-03-29 19:33:44 -0300
Processing by StaticPagesController#about as HTML
  Rendering layout layouts/application.html.erb
  Rendering static_pages/about.html.erb within layouts/application
  Rendered static_pages/about.html.erb within layouts/application (Duration: 0.1ms | Allocations: 7)
  Rendered layout layouts/application.html.erb (Duration: 6.0ms | Allocations: 2479)
Completed 200 OK in 7ms (Views: 6.8ms | ActiveRecord: 0.0ms | Allocations: 2708)


Started GET "/contact" for 127.0.0.1 at 2024-03-29 19:33:46 -0300
Processing by StaticPagesController#contact as HTML
  Rendering layout layouts/application.html.erb
  Rendering static_pages/contact.html.erb within layouts/application
  Rendered static_pages/contact.html.erb within layouts/application (Duration: 0.1ms | Allocations: 7)
  Rendered layout layouts/application.html.erb (Duration: 7.2ms | Allocations: 2488)
Completed 200 OK in 9ms (Views: 8.6ms | ActiveRecord: 0.0ms | Allocations: 2717)


